<?xml version="1.0" encoding="UTF-8"?>
<testng-results ignored="0" total="12" passed="12" failed="0" skipped="0">
  <reporter-output>
  </reporter-output>
  <suite started-at="2022-12-15T14:26:40 IST" name="FREE CRM APPLICATION TEST AUTOMATION TEST SUITE" finished-at="2022-12-15T14:31:12 IST" duration-ms="272225">
    <groups>
    </groups>
    <test started-at="2022-12-15T14:26:40 IST" name="Free CRM Application Test0" finished-at="2022-12-15T14:31:12 IST" duration-ms="272225">
      <class name="com.crm.qa.testcases.HomePageTest">
        <test-method is-config="true" signature="setUp()[pri:0, instance:com.crm.qa.testcases.HomePageTest@639c2c1d]" started-at="2022-12-15T14:28:00 IST" name="setUp" finished-at="2022-12-15T14:28:17 IST" duration-ms="16228" status="PASS">
          <reporter-output>
          </reporter-output>
        </test-method> <!-- setUp -->
        <test-method signature="verifyHomePageTitleTest()[pri:1, instance:com.crm.qa.testcases.HomePageTest@639c2c1d]" started-at="2022-12-15T14:28:17 IST" name="verifyHomePageTitleTest" finished-at="2022-12-15T14:28:17 IST" duration-ms="7" status="PASS">
          <reporter-output>
          </reporter-output>
        </test-method> <!-- verifyHomePageTitleTest -->
        <test-method is-config="true" signature="tearDown()[pri:0, instance:com.crm.qa.testcases.HomePageTest@639c2c1d]" started-at="2022-12-15T14:28:17 IST" name="tearDown" finished-at="2022-12-15T14:28:17 IST" duration-ms="840" status="PASS">
          <reporter-output>
          </reporter-output>
        </test-method> <!-- tearDown -->
        <test-method is-config="true" signature="setUp()[pri:0, instance:com.crm.qa.testcases.HomePageTest@639c2c1d]" started-at="2022-12-15T14:28:17 IST" name="setUp" finished-at="2022-12-15T14:28:35 IST" duration-ms="17550" status="PASS">
          <reporter-output>
          </reporter-output>
        </test-method> <!-- setUp -->
        <test-method signature="verifyUserNameTest()[pri:2, instance:com.crm.qa.testcases.HomePageTest@639c2c1d]" started-at="2022-12-15T14:28:35 IST" name="verifyUserNameTest" finished-at="2022-12-15T14:28:35 IST" duration-ms="136" status="PASS">
          <reporter-output>
          </reporter-output>
        </test-method> <!-- verifyUserNameTest -->
        <test-method is-config="true" signature="tearDown()[pri:0, instance:com.crm.qa.testcases.HomePageTest@639c2c1d]" started-at="2022-12-15T14:28:35 IST" name="tearDown" finished-at="2022-12-15T14:28:36 IST" duration-ms="852" status="PASS">
          <reporter-output>
          </reporter-output>
        </test-method> <!-- tearDown -->
        <test-method is-config="true" signature="setUp()[pri:0, instance:com.crm.qa.testcases.HomePageTest@639c2c1d]" started-at="2022-12-15T14:28:36 IST" name="setUp" finished-at="2022-12-15T14:28:52 IST" duration-ms="15633" status="PASS">
          <reporter-output>
          </reporter-output>
        </test-method> <!-- setUp -->
        <test-method signature="verifyContactsLinkTest()[pri:3, instance:com.crm.qa.testcases.HomePageTest@639c2c1d]" started-at="2022-12-15T14:28:52 IST" name="verifyContactsLinkTest" finished-at="2022-12-15T14:28:53 IST" duration-ms="1369" status="PASS">
          <reporter-output>
          </reporter-output>
        </test-method> <!-- verifyContactsLinkTest -->
        <test-method is-config="true" signature="tearDown()[pri:0, instance:com.crm.qa.testcases.HomePageTest@639c2c1d]" started-at="2022-12-15T14:28:53 IST" name="tearDown" finished-at="2022-12-15T14:28:54 IST" duration-ms="862" status="PASS">
          <reporter-output>
          </reporter-output>
        </test-method> <!-- tearDown -->
      </class> <!-- com.crm.qa.testcases.HomePageTest -->
      <class name="com.crm.qa.testcases.ContactsPageTest">
        <test-method is-config="true" signature="setUp()[pri:0, instance:com.crm.qa.testcases.ContactsPageTest@5fe94a96]" started-at="2022-12-15T14:28:54 IST" name="setUp" finished-at="2022-12-15T14:29:12 IST" duration-ms="18089" status="PASS">
          <reporter-output>
          </reporter-output>
        </test-method> <!-- setUp -->
        <test-method signature="verifyContactsPageLabelTest()[pri:1, instance:com.crm.qa.testcases.ContactsPageTest@5fe94a96]" started-at="2022-12-15T14:29:12 IST" name="verifyContactsPageLabelTest" finished-at="2022-12-15T14:29:12 IST" duration-ms="34" status="PASS">
          <reporter-output>
          </reporter-output>
        </test-method> <!-- verifyContactsPageLabelTest -->
        <test-method is-config="true" signature="tearDown()[pri:0, instance:com.crm.qa.testcases.ContactsPageTest@5fe94a96]" started-at="2022-12-15T14:29:12 IST" name="tearDown" finished-at="2022-12-15T14:29:13 IST" duration-ms="994" status="PASS">
          <reporter-output>
          </reporter-output>
        </test-method> <!-- tearDown -->
        <test-method is-config="true" signature="setUp()[pri:0, instance:com.crm.qa.testcases.ContactsPageTest@5fe94a96]" started-at="2022-12-15T14:29:13 IST" name="setUp" finished-at="2022-12-15T14:29:32 IST" duration-ms="19217" status="PASS">
          <reporter-output>
          </reporter-output>
        </test-method> <!-- setUp -->
        <test-method signature="selectContactsTest()[pri:2, instance:com.crm.qa.testcases.ContactsPageTest@5fe94a96]" started-at="2022-12-15T14:29:32 IST" name="selectContactsTest" finished-at="2022-12-15T14:29:32 IST" duration-ms="74" status="PASS">
          <reporter-output>
          </reporter-output>
        </test-method> <!-- selectContactsTest -->
        <test-method is-config="true" signature="tearDown()[pri:0, instance:com.crm.qa.testcases.ContactsPageTest@5fe94a96]" started-at="2022-12-15T14:29:32 IST" name="tearDown" finished-at="2022-12-15T14:29:33 IST" duration-ms="912" status="PASS">
          <reporter-output>
          </reporter-output>
        </test-method> <!-- tearDown -->
        <test-method is-config="true" signature="setUp()[pri:0, instance:com.crm.qa.testcases.ContactsPageTest@5fe94a96]" started-at="2022-12-15T14:29:33 IST" name="setUp" finished-at="2022-12-15T14:29:49 IST" duration-ms="15903" status="PASS">
          <reporter-output>
          </reporter-output>
        </test-method> <!-- setUp -->
        <test-method signature="selectMultipleContacts()[pri:3, instance:com.crm.qa.testcases.ContactsPageTest@5fe94a96]" started-at="2022-12-15T14:29:49 IST" name="selectMultipleContacts" finished-at="2022-12-15T14:29:49 IST" duration-ms="132" status="PASS">
          <reporter-output>
          </reporter-output>
        </test-method> <!-- selectMultipleContacts -->
        <test-method is-config="true" signature="tearDown()[pri:0, instance:com.crm.qa.testcases.ContactsPageTest@5fe94a96]" started-at="2022-12-15T14:29:49 IST" name="tearDown" finished-at="2022-12-15T14:29:50 IST" duration-ms="906" status="PASS">
          <reporter-output>
          </reporter-output>
        </test-method> <!-- tearDown -->
      </class> <!-- com.crm.qa.testcases.ContactsPageTest -->
      <class name="com.crm.qa.testcases.LoginPageTest">
        <test-method is-config="true" signature="setUp()[pri:0, instance:com.crm.qa.testcases.LoginPageTest@35d019a3]" started-at="2022-12-15T14:26:40 IST" name="setUp" finished-at="2022-12-15T14:27:16 IST" duration-ms="35665" status="PASS">
          <reporter-output>
          </reporter-output>
        </test-method> <!-- setUp -->
        <test-method signature="loginPageTitleTest()[pri:1, instance:com.crm.qa.testcases.LoginPageTest@35d019a3]" started-at="2022-12-15T14:27:16 IST" name="loginPageTitleTest" finished-at="2022-12-15T14:27:16 IST" duration-ms="64" status="PASS">
          <reporter-output>
          </reporter-output>
        </test-method> <!-- loginPageTitleTest -->
        <test-method is-config="true" signature="tearDown()[pri:0, instance:com.crm.qa.testcases.LoginPageTest@35d019a3]" started-at="2022-12-15T14:27:16 IST" name="tearDown" finished-at="2022-12-15T14:27:17 IST" duration-ms="1277" status="PASS">
          <reporter-output>
          </reporter-output>
        </test-method> <!-- tearDown -->
        <test-method is-config="true" signature="setUp()[pri:0, instance:com.crm.qa.testcases.LoginPageTest@35d019a3]" started-at="2022-12-15T14:27:17 IST" name="setUp" finished-at="2022-12-15T14:27:38 IST" duration-ms="20633" status="PASS">
          <reporter-output>
          </reporter-output>
        </test-method> <!-- setUp -->
        <test-method signature="crmLogoImageTest()[pri:2, instance:com.crm.qa.testcases.LoginPageTest@35d019a3]" started-at="2022-12-15T14:27:38 IST" name="crmLogoImageTest" finished-at="2022-12-15T14:27:38 IST" duration-ms="60" status="PASS">
          <reporter-output>
          </reporter-output>
        </test-method> <!-- crmLogoImageTest -->
        <test-method is-config="true" signature="tearDown()[pri:0, instance:com.crm.qa.testcases.LoginPageTest@35d019a3]" started-at="2022-12-15T14:27:38 IST" name="tearDown" finished-at="2022-12-15T14:27:39 IST" duration-ms="920" status="PASS">
          <reporter-output>
          </reporter-output>
        </test-method> <!-- tearDown -->
        <test-method is-config="true" signature="setUp()[pri:0, instance:com.crm.qa.testcases.LoginPageTest@35d019a3]" started-at="2022-12-15T14:27:39 IST" name="setUp" finished-at="2022-12-15T14:27:52 IST" duration-ms="13401" status="PASS">
          <reporter-output>
          </reporter-output>
        </test-method> <!-- setUp -->
        <test-method signature="loginTest()[pri:3, instance:com.crm.qa.testcases.LoginPageTest@35d019a3]" started-at="2022-12-15T14:27:52 IST" name="loginTest" finished-at="2022-12-15T14:27:59 IST" duration-ms="7490" status="PASS">
          <reporter-output>
          </reporter-output>
        </test-method> <!-- loginTest -->
        <test-method is-config="true" signature="tearDown()[pri:0, instance:com.crm.qa.testcases.LoginPageTest@35d019a3]" started-at="2022-12-15T14:27:59 IST" name="tearDown" finished-at="2022-12-15T14:28:00 IST" duration-ms="810" status="PASS">
          <reporter-output>
          </reporter-output>
        </test-method> <!-- tearDown -->
      </class> <!-- com.crm.qa.testcases.LoginPageTest -->
      <class name="com.crm.qa.testcases.NewContactsPageTest">
        <test-method is-config="true" signature="setUp()[pri:0, instance:com.crm.qa.testcases.NewContactsPageTest@443118b0]" started-at="2022-12-15T14:29:52 IST" name="setUp" finished-at="2022-12-15T14:30:10 IST" duration-ms="18235" status="PASS">
          <reporter-output>
          </reporter-output>
        </test-method> <!-- setUp -->
        <test-method signature="validateCreateNewContact(java.lang.String,java.lang.String,java.lang.String,java.lang.String)[pri:1, instance:com.crm.qa.testcases.NewContactsPageTest@443118b0]" started-at="2022-12-15T14:30:10 IST" name="validateCreateNewContact" data-provider="getCRMTestData" finished-at="2022-12-15T14:30:12 IST" duration-ms="2114" status="PASS">
          <params>
            <param index="0">
              <value>
                <![CDATA[Mr.]]>
              </value>
            </param>
            <param index="1">
              <value>
                <![CDATA[Praveen]]>
              </value>
            </param>
            <param index="2">
              <value>
                <![CDATA[k]]>
              </value>
            </param>
            <param index="3">
              <value>
                <![CDATA[Visteon]]>
              </value>
            </param>
          </params>
          <reporter-output>
          </reporter-output>
        </test-method> <!-- validateCreateNewContact -->
        <test-method is-config="true" signature="tearDown()[pri:0, instance:com.crm.qa.testcases.NewContactsPageTest@443118b0]" started-at="2022-12-15T14:30:12 IST" name="tearDown" finished-at="2022-12-15T14:30:13 IST" duration-ms="1105" status="PASS">
          <reporter-output>
          </reporter-output>
        </test-method> <!-- tearDown -->
        <test-method is-config="true" signature="setUp()[pri:0, instance:com.crm.qa.testcases.NewContactsPageTest@443118b0]" started-at="2022-12-15T14:30:13 IST" name="setUp" finished-at="2022-12-15T14:30:39 IST" duration-ms="25678" status="PASS">
          <reporter-output>
          </reporter-output>
        </test-method> <!-- setUp -->
        <test-method signature="validateCreateNewContact(java.lang.String,java.lang.String,java.lang.String,java.lang.String)[pri:1, instance:com.crm.qa.testcases.NewContactsPageTest@443118b0]" started-at="2022-12-15T14:30:39 IST" name="validateCreateNewContact" data-provider="getCRMTestData" finished-at="2022-12-15T14:30:41 IST" duration-ms="2316" status="PASS">
          <params>
            <param index="0">
              <value>
                <![CDATA[Mr.]]>
              </value>
            </param>
            <param index="1">
              <value>
                <![CDATA[Kishore]]>
              </value>
            </param>
            <param index="2">
              <value>
                <![CDATA[M]]>
              </value>
            </param>
            <param index="3">
              <value>
                <![CDATA[Accenture]]>
              </value>
            </param>
          </params>
          <reporter-output>
          </reporter-output>
        </test-method> <!-- validateCreateNewContact -->
        <test-method is-config="true" signature="tearDown()[pri:0, instance:com.crm.qa.testcases.NewContactsPageTest@443118b0]" started-at="2022-12-15T14:30:41 IST" name="tearDown" finished-at="2022-12-15T14:30:42 IST" duration-ms="999" status="PASS">
          <reporter-output>
          </reporter-output>
        </test-method> <!-- tearDown -->
        <test-method is-config="true" signature="setUp()[pri:0, instance:com.crm.qa.testcases.NewContactsPageTest@443118b0]" started-at="2022-12-15T14:30:42 IST" name="setUp" finished-at="2022-12-15T14:31:09 IST" duration-ms="26871" status="PASS">
          <reporter-output>
          </reporter-output>
        </test-method> <!-- setUp -->
        <test-method signature="validateCreateNewContact(java.lang.String,java.lang.String,java.lang.String,java.lang.String)[pri:1, instance:com.crm.qa.testcases.NewContactsPageTest@443118b0]" started-at="2022-12-15T14:31:09 IST" name="validateCreateNewContact" data-provider="getCRMTestData" finished-at="2022-12-15T14:31:11 IST" duration-ms="2153" status="PASS">
          <params>
            <param index="0">
              <value>
                <![CDATA[Mr.]]>
              </value>
            </param>
            <param index="1">
              <value>
                <![CDATA[Poorna]]>
              </value>
            </param>
            <param index="2">
              <value>
                <![CDATA[k]]>
              </value>
            </param>
            <param index="3">
              <value>
                <![CDATA[Tcs]]>
              </value>
            </param>
          </params>
          <reporter-output>
          </reporter-output>
        </test-method> <!-- validateCreateNewContact -->
        <test-method is-config="true" signature="tearDown()[pri:0, instance:com.crm.qa.testcases.NewContactsPageTest@443118b0]" started-at="2022-12-15T14:31:11 IST" name="tearDown" finished-at="2022-12-15T14:31:12 IST" duration-ms="977" status="PASS">
          <reporter-output>
          </reporter-output>
        </test-method> <!-- tearDown -->
      </class> <!-- com.crm.qa.testcases.NewContactsPageTest -->
    </test> <!-- Free CRM Application Test0 -->
  </suite> <!-- FREE CRM APPLICATION TEST AUTOMATION TEST SUITE -->
</testng-results>
