<?xml version="1.0" encoding="UTF-8"?>
<!-- Generated by org.testng.reporters.JUnitXMLReporter -->
<testsuite ignored="0" hostname="ISCHLAPHP20437" failures="0" tests="12" name="Free CRM Application Test0" time="272.225" errors="0" timestamp="2022-12-15T14:31:12 IST">
  <testcase classname="com.crm.qa.testcases.LoginPageTest" name="loginPageTitleTest" time="0.064"/>
  <testcase classname="com.crm.qa.testcases.LoginPageTest" name="crmLogoImageTest" time="0.06"/>
  <testcase classname="com.crm.qa.testcases.LoginPageTest" name="loginTest" time="7.49"/>
  <testcase classname="com.crm.qa.testcases.HomePageTest" name="verifyHomePageTitleTest" time="0.007"/>
  <testcase classname="com.crm.qa.testcases.HomePageTest" name="verifyUserNameTest" time="0.136"/>
  <testcase classname="com.crm.qa.testcases.HomePageTest" name="verifyContactsLinkTest" time="1.369"/>
  <testcase classname="com.crm.qa.testcases.ContactsPageTest" name="verifyContactsPageLabelTest" time="0.034"/>
  <testcase classname="com.crm.qa.testcases.ContactsPageTest" name="selectContactsTest" time="0.074"/>
  <testcase classname="com.crm.qa.testcases.ContactsPageTest" name="selectMultipleContacts" time="0.132"/>
  <testcase classname="com.crm.qa.testcases.NewContactsPageTest" name="validateCreateNewContact" time="2.114"/>
  <testcase classname="com.crm.qa.testcases.NewContactsPageTest" name="validateCreateNewContact" time="2.316"/>
  <testcase classname="com.crm.qa.testcases.NewContactsPageTest" name="validateCreateNewContact" time="2.153"/>
</testsuite> <!-- Free CRM Application Test0 -->
