<?xml version="1.0" encoding="UTF-8"?>
<!-- Generated by org.testng.reporters.JUnitXMLReporter -->
<testsuite ignored="0" hostname="ISCHLAPHP20437" failures="0" tests="3" name="Default test" time="82.284" errors="0" timestamp="2022-12-15T12:43:01 IST">
  <testcase classname="com.crm.qa.testcases.NewContactsPageTest" name="validateCreateNewContact" time="2.788"/>
  <testcase classname="com.crm.qa.testcases.NewContactsPageTest" name="validateCreateNewContact" time="2.333"/>
  <testcase classname="com.crm.qa.testcases.NewContactsPageTest" name="validateCreateNewContact" time="2.675"/>
</testsuite> <!-- Default test -->
